<?xml version="1.0" ?><testsuite name="Server.TradeLogicTest" time="0.015" timestamp="2021-06-05T09:04:33" tests="14" failures="0" skipped="0" aborted="0"><properties><property name="testResults" value="build/testResults"></property><property name="ant.library.dir" value="D:\Program Files\IntelliJ IDEA Community Edition 2020.2.3\lib\ant\lib"></property><property name="ant.file.type" value="file"></property><property name="java.specification.version" value="15"></property><property name="ant.project.name" value="AssetTradingPlatform"></property><property name="sun.cpu.isalist" value="amd64"></property><property name="sun.jnu.encoding" value="Cp1252"></property><property name="java.class.path" value="C:\Program Files\Java\openjdk-15.0.1_windows-x64_bin!\java.base;C:\Program Files\Java\openjdk-15.0.1_windows-x64_bin!\java.compiler;C:\Program Files\Java\openjdk-15.0.1_windows-x64_bin!\java.datatransfer;C:\Program Files\Java\openjdk-15.0.1_windows-x64_bin!\java.desktop;C:\Program Files\Java\openjdk-15.0.1_windows-x64_bin!\java.instrument;C:\Program Files\Java\openjdk-15.0.1_windows-x64_bin!\java.logging;C:\Program Files\Java\openjdk-15.0.1_windows-x64_bin!\java.management;C:\Program Files\Java\openjdk-15.0.1_windows-x64_bin!\java.management.rmi;C:\Program Files\Java\openjdk-15.0.1_windows-x64_bin!\java.naming;C:\Program Files\Java\openjdk-15.0.1_windows-x64_bin!\java.net.http;C:\Program Files\Java\openjdk-15.0.1_windows-x64_bin!\java.prefs;C:\Program Files\Java\openjdk-15.0.1_windows-x64_bin!\java.rmi;C:\Program Files\Java\openjdk-15.0.1_windows-x64_bin!\java.scripting;C:\Program Files\Java\openjdk-15.0.1_windows-x64_bin!\java.se;C:\Program Files\Java\openjdk-15.0.1_windows-x64_bin!\java.security.jgss;C:\Program Files\Java\openjdk-15.0.1_windows-x64_bin!\java.security.sasl;C:\Program Files\Java\openjdk-15.0.1_windows-x64_bin!\java.smartcardio;C:\Program Files\Java\openjdk-15.0.1_windows-x64_bin!\java.sql;C:\Program Files\Java\openjdk-15.0.1_windows-x64_bin!\java.sql.rowset;C:\Program Files\Java\openjdk-15.0.1_windows-x64_bin!\java.transaction.xa;C:\Program Files\Java\openjdk-15.0.1_windows-x64_bin!\java.xml;C:\Program Files\Java\openjdk-15.0.1_windows-x64_bin!\java.xml.crypto;C:\Program Files\Java\openjdk-15.0.1_windows-x64_bin!\jdk.accessibility;C:\Program Files\Java\openjdk-15.0.1_windows-x64_bin!\jdk.aot;C:\Program Files\Java\openjdk-15.0.1_windows-x64_bin!\jdk.attach;C:\Program Files\Java\openjdk-15.0.1_windows-x64_bin!\jdk.charsets;C:\Program Files\Java\openjdk-15.0.1_windows-x64_bin!\jdk.compiler;C:\Program Files\Java\openjdk-15.0.1_windows-x64_bin!\jdk.crypto.cryptoki;C:\Program Files\Java\openjdk-15.0.1_windows-x64_bin!\jdk.crypto.ec;C:\Program Files\Java\openjdk-15.0.1_windows-x64_bin!\jdk.crypto.mscapi;C:\Program Files\Java\openjdk-15.0.1_windows-x64_bin!\jdk.dynalink;C:\Program Files\Java\openjdk-15.0.1_windows-x64_bin!\jdk.editpad;C:\Program Files\Java\openjdk-15.0.1_windows-x64_bin!\jdk.hotspot.agent;C:\Program Files\Java\openjdk-15.0.1_windows-x64_bin!\jdk.httpserver;C:\Program Files\Java\openjdk-15.0.1_windows-x64_bin!\jdk.incubator.foreign;C:\Program Files\Java\openjdk-15.0.1_windows-x64_bin!\jdk.incubator.jpackage;C:\Program Files\Java\openjdk-15.0.1_windows-x64_bin!\jdk.internal.ed;C:\Program Files\Java\openjdk-15.0.1_windows-x64_bin!\jdk.internal.jvmstat;C:\Program Files\Java\openjdk-15.0.1_windows-x64_bin!\jdk.internal.le;C:\Program Files\Java\openjdk-15.0.1_windows-x64_bin!\jdk.internal.opt;C:\Program Files\Java\openjdk-15.0.1_windows-x64_bin!\jdk.internal.vm.ci;C:\Program Files\Java\openjdk-15.0.1_windows-x64_bin!\jdk.internal.vm.compiler;C:\Program Files\Java\openjdk-15.0.1_windows-x64_bin!\jdk.internal.vm.compiler.management;C:\Program Files\Java\openjdk-15.0.1_windows-x64_bin!\jdk.jartool;C:\Program Files\Java\openjdk-15.0.1_windows-x64_bin!\jdk.javadoc;C:\Program Files\Java\openjdk-15.0.1_windows-x64_bin!\jdk.jcmd;C:\Program Files\Java\openjdk-15.0.1_windows-x64_bin!\jdk.jconsole;C:\Program Files\Java\openjdk-15.0.1_windows-x64_bin!\jdk.jdeps;C:\Program Files\Java\openjdk-15.0.1_windows-x64_bin!\jdk.jdi;C:\Program Files\Java\openjdk-15.0.1_windows-x64_bin!\jdk.jdwp.agent;C:\Program Files\Java\openjdk-15.0.1_windows-x64_bin!\jdk.jfr;C:\Program Files\Java\openjdk-15.0.1_windows-x64_bin!\jdk.jlink;C:\Program Files\Java\openjdk-15.0.1_windows-x64_bin!\jdk.jshell;C:\Program Files\Java\openjdk-15.0.1_windows-x64_bin!\jdk.jsobject;C:\Program Files\Java\openjdk-15.0.1_windows-x64_bin!\jdk.jstatd;C:\Program Files\Java\openjdk-15.0.1_windows-x64_bin!\jdk.localedata;C:\Program Files\Java\openjdk-15.0.1_windows-x64_bin!\jdk.management;C:\Program Files\Java\openjdk-15.0.1_windows-x64_bin!\jdk.management.agent;C:\Program Files\Java\openjdk-15.0.1_windows-x64_bin!\jdk.management.jfr;C:\Program Files\Java\openjdk-15.0.1_windows-x64_bin!\jdk.naming.dns;C:\Program Files\Java\openjdk-15.0.1_windows-x64_bin!\jdk.naming.rmi;C:\Program Files\Java\openjdk-15.0.1_windows-x64_bin!\jdk.net;C:\Program Files\Java\openjdk-15.0.1_windows-x64_bin!\jdk.nio.mapmode;C:\Program Files\Java\openjdk-15.0.1_windows-x64_bin!\jdk.sctp;C:\Program Files\Java\openjdk-15.0.1_windows-x64_bin!\jdk.security.auth;C:\Program Files\Java\openjdk-15.0.1_windows-x64_bin!\jdk.security.jgss;C:\Program Files\Java\openjdk-15.0.1_windows-x64_bin!\jdk.unsupported;C:\Program Files\Java\openjdk-15.0.1_windows-x64_bin!\jdk.unsupported.desktop;C:\Program Files\Java\openjdk-15.0.1_windows-x64_bin!\jdk.xml.dom;C:\Program Files\Java\openjdk-15.0.1_windows-x64_bin!\jdk.zipfs;C:\Users\romee\Documents\Uni\CS 2\Semester 2\CAB302\Electronic-Asset-Trading-Platform\lib\junit-jupiter-engine-5.4.2.jar;C:\Users\romee\Documents\Uni\CS 2\Semester 2\CAB302\Electronic-Asset-Trading-Platform\lib\junit-platform-launcher-1.4.2.jar;C:\Users\romee\Documents\Uni\CS 2\Semester 2\CAB302\Electronic-Asset-Trading-Platform\lib\junit-jupiter-api-5.4.2.jar;C:\Users\romee\Documents\Uni\CS 2\Semester 2\CAB302\Electronic-Asset-Trading-Platform\lib\junit-jupiter-5.4.2.jar;C:\Users\romee\Documents\Uni\CS 2\Semester 2\CAB302\Electronic-Asset-Trading-Platform\lib\junit-platform-engine-1.4.2.jar;C:\Users\romee\Documents\Uni\CS 2\Semester 2\CAB302\Electronic-Asset-Trading-Platform\lib\apiguardian-api-1.0.0.jar;C:\Users\romee\Documents\Uni\CS 2\Semester 2\CAB302\Electronic-Asset-Trading-Platform\lib\opentest4j-1.1.1.jar;C:\Users\romee\Documents\Uni\CS 2\Semester 2\CAB302\Electronic-Asset-Trading-Platform\lib\junit-platform-commons-1.4.2.jar;C:\Users\romee\Documents\Uni\CS 2\Semester 2\CAB302\Electronic-Asset-Trading-Platform\lib\junit-jupiter-params-5.4.2.jar;D:\Program Files\IntelliJ IDEA Community Edition 2020.2.3\lib\ant\lib\ant-antlr.jar;D:\Program Files\IntelliJ IDEA Community Edition 2020.2.3\lib\ant\lib\ant-apache-bcel.jar;D:\Program Files\IntelliJ IDEA Community Edition 2020.2.3\lib\ant\lib\ant-apache-bsf.jar;D:\Program Files\IntelliJ IDEA Community Edition 2020.2.3\lib\ant\lib\ant-apache-log4j.jar;D:\Program Files\IntelliJ IDEA Community Edition 2020.2.3\lib\ant\lib\ant-apache-oro.jar;D:\Program Files\IntelliJ IDEA Community Edition 2020.2.3\lib\ant\lib\ant-apache-regexp.jar;D:\Program Files\IntelliJ IDEA Community Edition 2020.2.3\lib\ant\lib\ant-apache-resolver.jar;D:\Program Files\IntelliJ IDEA Community Edition 2020.2.3\lib\ant\lib\ant-apache-xalan2.jar;D:\Program Files\IntelliJ IDEA Community Edition 2020.2.3\lib\ant\lib\ant-commons-logging.jar;D:\Program Files\IntelliJ IDEA Community Edition 2020.2.3\lib\ant\lib\ant-commons-net.jar;D:\Program Files\IntelliJ IDEA Community Edition 2020.2.3\lib\ant\lib\ant-jai.jar;D:\Program Files\IntelliJ IDEA Community Edition 2020.2.3\lib\ant\lib\ant-javamail.jar;D:\Program Files\IntelliJ IDEA Community Edition 2020.2.3\lib\ant\lib\ant-jdepend.jar;D:\Program Files\IntelliJ IDEA Community Edition 2020.2.3\lib\ant\lib\ant-jmf.jar;D:\Program Files\IntelliJ IDEA Community Edition 2020.2.3\lib\ant\lib\ant-jsch.jar;D:\Program Files\IntelliJ IDEA Community Edition 2020.2.3\lib\ant\lib\ant-junit.jar;D:\Program Files\IntelliJ IDEA Community Edition 2020.2.3\lib\ant\lib\ant-junit4.jar;D:\Program Files\IntelliJ IDEA Community Edition 2020.2.3\lib\ant\lib\ant-junitlauncher.jar;D:\Program Files\IntelliJ IDEA Community Edition 2020.2.3\lib\ant\lib\ant-launcher.jar;D:\Program Files\IntelliJ IDEA Community Edition 2020.2.3\lib\ant\lib\ant-netrexx.jar;D:\Program Files\IntelliJ IDEA Community Edition 2020.2.3\lib\ant\lib\ant-swing.jar;D:\Program Files\IntelliJ IDEA Community Edition 2020.2.3\lib\ant\lib\ant-testutil.jar;D:\Program Files\IntelliJ IDEA Community Edition 2020.2.3\lib\ant\lib\ant-xz.jar;D:\Program Files\IntelliJ IDEA Community Edition 2020.2.3\lib\ant\lib\ant.jar;D:\Program Files\IntelliJ IDEA Community Edition 2020.2.3\lib\idea_rt.jar"></property><property name="java.vm.vendor" value="Oracle Corporation"></property><property name="sun.arch.data.model" value="64"></property><property name="user.variant" value=""></property><property name="java.vendor.url" value="https://java.oracle.com/"></property><property name="java.vm.specification.version" value="15"></property><property name="os.name" value="Windows 10"></property><property name="javadocDir" value="build/doc"></property><property name="testBase" value="build/testClasses"></property><property name="sun.java.launcher" value="SUN_STANDARD"></property><property name="user.country" value="AU"></property><property name="sun.boot.library.path" value="C:\Program Files\Java\openjdk-15.0.1_windows-x64_bin\bin"></property><property name="sun.java.command" value="com.intellij.rt.ant.execution.AntMain2 -logger com.intellij.rt.ant.execution.IdeaAntLogger2 -inputhandler com.intellij.rt.ant.execution.IdeaInputHandler -buildfile C:\Users\romee\Documents\Uni\CS 2\Semester 2\CAB302\Electronic-Asset-Trading-Platform\build.xml test"></property><property name="jdk.debug" value="release"></property><property name="sun.cpu.endian" value="little"></property><property name="user.home" value="C:\Users\romee"></property><property name="user.language" value="en"></property><property name="java.specification.vendor" value="Oracle Corporation"></property><property name="java.version.date" value="2020-10-20"></property><property name="java.home" value="C:\Program Files\Java\openjdk-15.0.1_windows-x64_bin"></property><property name="file.separator" value="\"></property><property name="basedir" value="C:\Users\romee\Documents\Uni\CS 2\Semester 2\CAB302\Electronic-Asset-Trading-Platform"></property><property name="java.vm.compressedOopsMode" value="32-bit"></property><property name="line.separator" value="
"></property><property name="ant.java.version" value="15"></property><property name="java.vm.specification.vendor" value="Oracle Corporation"></property><property name="java.specification.name" value="Java Platform API Specification"></property><property name="ant.file.type.AssetTradingPlatform" value="file"></property><property name="sourceZip" value="build/assetTradingPlatformSrc.zip"></property><property name="user.script" value=""></property><property name="sun.management.compiler" value="HotSpot 64-Bit Tiered Compilers"></property><property name="java.runtime.version" value="15.0.1+9-18"></property><property name="user.name" value="romee"></property><property name="ant.file" value="C:\Users\romee\Documents\Uni\CS 2\Semester 2\CAB302\Electronic-Asset-Trading-Platform\build.xml"></property><property name="path.separator" value=";"></property><property name="os.version" value="10.0"></property><property name="java.runtime.name" value="OpenJDK Runtime Environment"></property><property name="ant.file.AssetTradingPlatform" value="C:\Users\romee\Documents\Uni\CS 2\Semester 2\CAB302\Electronic-Asset-Trading-Platform\build.xml"></property><property name="file.encoding" value="UTF-8"></property><property name="ant.project.invoked-targets" value="test"></property><property name="java.vm.name" value="OpenJDK 64-Bit Server VM"></property><property name="ant.core.lib" value="D:\Program Files\IntelliJ IDEA Community Edition 2020.2.3\lib\ant\lib\ant.jar"></property><property name="java.vendor.url.bug" value="https://bugreport.java.com/bugreport/"></property><property name="java.io.tmpdir" value="C:\Users\romee\AppData\Local\Temp\"></property><property name="java.version" value="15.0.1"></property><property name="user.dir" value="C:\Users\romee\Documents\Uni\CS 2\Semester 2\CAB302\Electronic-Asset-Trading-Platform"></property><property name="os.arch" value="amd64"></property><property name="java.vm.specification.name" value="Java Virtual Machine Specification"></property><property name="ant.home" value="D:\Program Files\IntelliJ IDEA Community Edition 2020.2.3\lib\ant"></property><property name="sun.os.patch.level" value=""></property><property name="ant.version" value="Apache Ant(TM) version 1.10.5 compiled on July 10 2018"></property><property name="java.library.path" value="C:\Program Files\Java\openjdk-15.0.1_windows-x64_bin\bin;C:\WINDOWS\Sun\Java\bin;C:\WINDOWS\system32;C:\WINDOWS;C:\Program Files (x86)\Razer Chroma SDK\bin;C:\Program Files\Razer Chroma SDK\bin;C:\Program Files (x86)\Common Files\Oracle\Java\javapath;C:\Windows\system32;C:\Windows;C:\Windows\System32\Wbem;C:\Windows\System32\WindowsPowerShell\v1.0\;C:\Windows\System32\OpenSSH\;C:\Program Files\NVIDIA Corporation\NVIDIA NvDLISR;C:\Program Files\dotnet\;C:\Program Files\Git\cmd;C:\Program Files (x86)\Razer\ChromaBroadcast\bin;C:\Program Files\Razer\ChromaBroadcast\bin;C:\Users\romee\AppData\Local\Microsoft\WindowsApps;C:\Users\romee\.dotnet\tools;C:\Program Files (x86)\NVIDIA Corporation\PhysX\Common;C:\WINDOWS\system32;C:\WINDOWS;C:\WINDOWS\System32\Wbem;C:\WINDOWS\System32\WindowsPowerShell\v1.0\;C:\WINDOWS\System32\OpenSSH\;D:\Program Files (x86)\sqlite3;C:\Users\romee\AppData\Local\Programs\Python\Python38-32\Scripts\;C:\Users\romee\AppData\Local\Programs\Python\Python38-32\;C:\Program Files (x86)\Common Files\Oracle\Java\javapath;C:\Windows\system32;C:\Windows;C:\Windows\System32\Wbem;C:\Windows\System32\WindowsPowerShell\v1.0\;C:\Windows\System32\OpenSSH\;C:\Program Files (x86)\NVIDIA Corporation\PhysX\Common;C:\Program Files\NVIDIA Corporation\NVIDIA NvDLISR;C:\Program Files\dotnet\;C:\Users\romee\AppData\Local\Microsoft\WindowsApps;C:\Users\romee\AppData\Local\Programs\Microsoft VS Code\bin;C:\Users\romee\AppData\Roaming\Microsoft\Windows\Start Menu\Programs\Python 3.8;C:\Users\romee\AppData\Local\Microsoft\WindowsApps;C:\Users\romee\AppData\Local\GitHubDesktop\bin;."></property><property name="java.vendor" value="Oracle Corporation"></property><property name="java.vm.info" value="mixed mode, sharing"></property><property name="java.vm.version" value="15.0.1+9-18"></property><property name="outputJar" value="build/AssetTradingPlatform.jar"></property><property name="sun.io.unicode.encoding" value="UnicodeLittle"></property><property name="java.class.version" value="59.0"></property><property name="ant.project.default-target" value="jar"></property><property name="base" value="build/artifacts"></property></properties><testcase classname="Server.TradeLogicTest" name="sameUnitBuySell()" time="0.0"></testcase><testcase classname="Server.TradeLogicTest" name="perfectMatchRemoval()" time="0.0"></testcase><testcase classname="Server.TradeLogicTest" name="buyMatchesCheapestSell()" time="0.0"></testcase><testcase classname="Server.TradeLogicTest" name="tradeHistoryCancelled()" time="0.0"></testcase><testcase classname="Server.TradeLogicTest" name="newBuyRemovedAfterMatch()" time="0.0"></testcase><testcase classname="Server.TradeLogicTest" name="insufficientAsset()" time="0.0"></testcase><testcase classname="Server.TradeLogicTest" name="addUnmatchedSell()" time="0.0"></testcase><testcase classname="Server.TradeLogicTest" name="newSellRemovedAfterMatch()" time="0.0"></testcase><testcase classname="Server.TradeLogicTest" name="insufficientCredits()" time="0.0"></testcase><testcase classname="Server.TradeLogicTest" name="partialMatchesBuy()" time="0.0"></testcase><testcase classname="Server.TradeLogicTest" name="cancelTradeBuy()" time="0.015"></testcase><testcase classname="Server.TradeLogicTest" name="partialMatchesSell()" time="0.0"></testcase><testcase classname="Server.TradeLogicTest" name="addUnmatchedBuy()" time="0.0"></testcase><testcase classname="Server.TradeLogicTest" name="cancelTradeSell()" time="0.0"></testcase></testsuite>