<?xml version="1.0" ?><testsuite name="Client.TradesTest" time="0.01" timestamp="2021-06-05T11:18:36" tests="19" failures="0" skipped="0" aborted="0"><properties><property name="testResults" value="build/testResults"></property><property name="ant.library.dir" value="C:\Program Files\JetBrains\IntelliJ IDEA Community Edition 2020.3.2\lib\ant\lib"></property><property name="ant.file.type" value="file"></property><property name="java.specification.version" value="15"></property><property name="ant.project.name" value="AssetTradingPlatform"></property><property name="sun.cpu.isalist" value="amd64"></property><property name="sun.jnu.encoding" value="Cp1252"></property><property name="java.class.path" value="C:\Program Files\Amazon Corretto\jdk15.0.2_7!\java.base;C:\Program Files\Amazon Corretto\jdk15.0.2_7!\java.compiler;C:\Program Files\Amazon Corretto\jdk15.0.2_7!\java.datatransfer;C:\Program Files\Amazon Corretto\jdk15.0.2_7!\java.desktop;C:\Program Files\Amazon Corretto\jdk15.0.2_7!\java.instrument;C:\Program Files\Amazon Corretto\jdk15.0.2_7!\java.logging;C:\Program Files\Amazon Corretto\jdk15.0.2_7!\java.management;C:\Program Files\Amazon Corretto\jdk15.0.2_7!\java.management.rmi;C:\Program Files\Amazon Corretto\jdk15.0.2_7!\java.naming;C:\Program Files\Amazon Corretto\jdk15.0.2_7!\java.net.http;C:\Program Files\Amazon Corretto\jdk15.0.2_7!\java.prefs;C:\Program Files\Amazon Corretto\jdk15.0.2_7!\java.rmi;C:\Program Files\Amazon Corretto\jdk15.0.2_7!\java.scripting;C:\Program Files\Amazon Corretto\jdk15.0.2_7!\java.se;C:\Program Files\Amazon Corretto\jdk15.0.2_7!\java.security.jgss;C:\Program Files\Amazon Corretto\jdk15.0.2_7!\java.security.sasl;C:\Program Files\Amazon Corretto\jdk15.0.2_7!\java.smartcardio;C:\Program Files\Amazon Corretto\jdk15.0.2_7!\java.sql;C:\Program Files\Amazon Corretto\jdk15.0.2_7!\java.sql.rowset;C:\Program Files\Amazon Corretto\jdk15.0.2_7!\java.transaction.xa;C:\Program Files\Amazon Corretto\jdk15.0.2_7!\java.xml;C:\Program Files\Amazon Corretto\jdk15.0.2_7!\java.xml.crypto;C:\Program Files\Amazon Corretto\jdk15.0.2_7!\jdk.accessibility;C:\Program Files\Amazon Corretto\jdk15.0.2_7!\jdk.aot;C:\Program Files\Amazon Corretto\jdk15.0.2_7!\jdk.attach;C:\Program Files\Amazon Corretto\jdk15.0.2_7!\jdk.charsets;C:\Program Files\Amazon Corretto\jdk15.0.2_7!\jdk.compiler;C:\Program Files\Amazon Corretto\jdk15.0.2_7!\jdk.crypto.cryptoki;C:\Program Files\Amazon Corretto\jdk15.0.2_7!\jdk.crypto.ec;C:\Program Files\Amazon Corretto\jdk15.0.2_7!\jdk.crypto.mscapi;C:\Program Files\Amazon Corretto\jdk15.0.2_7!\jdk.dynalink;C:\Program Files\Amazon Corretto\jdk15.0.2_7!\jdk.editpad;C:\Program Files\Amazon Corretto\jdk15.0.2_7!\jdk.hotspot.agent;C:\Program Files\Amazon Corretto\jdk15.0.2_7!\jdk.httpserver;C:\Program Files\Amazon Corretto\jdk15.0.2_7!\jdk.incubator.foreign;C:\Program Files\Amazon Corretto\jdk15.0.2_7!\jdk.incubator.jpackage;C:\Program Files\Amazon Corretto\jdk15.0.2_7!\jdk.internal.ed;C:\Program Files\Amazon Corretto\jdk15.0.2_7!\jdk.internal.jvmstat;C:\Program Files\Amazon Corretto\jdk15.0.2_7!\jdk.internal.le;C:\Program Files\Amazon Corretto\jdk15.0.2_7!\jdk.internal.opt;C:\Program Files\Amazon Corretto\jdk15.0.2_7!\jdk.internal.vm.ci;C:\Program Files\Amazon Corretto\jdk15.0.2_7!\jdk.internal.vm.compiler;C:\Program Files\Amazon Corretto\jdk15.0.2_7!\jdk.internal.vm.compiler.management;C:\Program Files\Amazon Corretto\jdk15.0.2_7!\jdk.jartool;C:\Program Files\Amazon Corretto\jdk15.0.2_7!\jdk.javadoc;C:\Program Files\Amazon Corretto\jdk15.0.2_7!\jdk.jcmd;C:\Program Files\Amazon Corretto\jdk15.0.2_7!\jdk.jconsole;C:\Program Files\Amazon Corretto\jdk15.0.2_7!\jdk.jdeps;C:\Program Files\Amazon Corretto\jdk15.0.2_7!\jdk.jdi;C:\Program Files\Amazon Corretto\jdk15.0.2_7!\jdk.jdwp.agent;C:\Program Files\Amazon Corretto\jdk15.0.2_7!\jdk.jfr;C:\Program Files\Amazon Corretto\jdk15.0.2_7!\jdk.jlink;C:\Program Files\Amazon Corretto\jdk15.0.2_7!\jdk.jshell;C:\Program Files\Amazon Corretto\jdk15.0.2_7!\jdk.jsobject;C:\Program Files\Amazon Corretto\jdk15.0.2_7!\jdk.jstatd;C:\Program Files\Amazon Corretto\jdk15.0.2_7!\jdk.localedata;C:\Program Files\Amazon Corretto\jdk15.0.2_7!\jdk.management;C:\Program Files\Amazon Corretto\jdk15.0.2_7!\jdk.management.agent;C:\Program Files\Amazon Corretto\jdk15.0.2_7!\jdk.management.jfr;C:\Program Files\Amazon Corretto\jdk15.0.2_7!\jdk.naming.dns;C:\Program Files\Amazon Corretto\jdk15.0.2_7!\jdk.naming.rmi;C:\Program Files\Amazon Corretto\jdk15.0.2_7!\jdk.net;C:\Program Files\Amazon Corretto\jdk15.0.2_7!\jdk.nio.mapmode;C:\Program Files\Amazon Corretto\jdk15.0.2_7!\jdk.sctp;C:\Program Files\Amazon Corretto\jdk15.0.2_7!\jdk.security.auth;C:\Program Files\Amazon Corretto\jdk15.0.2_7!\jdk.security.jgss;C:\Program Files\Amazon Corretto\jdk15.0.2_7!\jdk.unsupported;C:\Program Files\Amazon Corretto\jdk15.0.2_7!\jdk.unsupported.desktop;C:\Program Files\Amazon Corretto\jdk15.0.2_7!\jdk.xml.dom;C:\Program Files\Amazon Corretto\jdk15.0.2_7!\jdk.zipfs;C:\Users\trema\Dropbox\ADMIN DOCS\Uni\2021\Semester 1\CAB302\Assessment\Major Project\Development\lib\junit-platform-commons-1.4.2.jar;C:\Users\trema\Dropbox\ADMIN DOCS\Uni\2021\Semester 1\CAB302\Assessment\Major Project\Development\lib\junit-platform-engine-1.4.2.jar;C:\Users\trema\Dropbox\ADMIN DOCS\Uni\2021\Semester 1\CAB302\Assessment\Major Project\Development\lib\opentest4j-1.1.1.jar;C:\Users\trema\Dropbox\ADMIN DOCS\Uni\2021\Semester 1\CAB302\Assessment\Major Project\Development\lib\apiguardian-api-1.0.0.jar;C:\Users\trema\Dropbox\ADMIN DOCS\Uni\2021\Semester 1\CAB302\Assessment\Major Project\Development\lib\junit-jupiter-params-5.4.2.jar;C:\Users\trema\Dropbox\ADMIN DOCS\Uni\2021\Semester 1\CAB302\Assessment\Major Project\Development\lib\junit-platform-launcher-1.4.2.jar;C:\Users\trema\Dropbox\ADMIN DOCS\Uni\2021\Semester 1\CAB302\Assessment\Major Project\Development\lib\junit-jupiter-engine-5.4.2.jar;C:\Users\trema\Dropbox\ADMIN DOCS\Uni\2021\Semester 1\CAB302\Assessment\Major Project\Development\lib\junit-jupiter-5.4.2.jar;C:\Users\trema\Dropbox\ADMIN DOCS\Uni\2021\Semester 1\CAB302\Assessment\Major Project\Development\lib\junit-jupiter-api-5.4.2.jar;C:\Program Files\JetBrains\IntelliJ IDEA Community Edition 2020.3.2\lib\ant\lib\ant-antlr.jar;C:\Program Files\JetBrains\IntelliJ IDEA Community Edition 2020.3.2\lib\ant\lib\ant-apache-bcel.jar;C:\Program Files\JetBrains\IntelliJ IDEA Community Edition 2020.3.2\lib\ant\lib\ant-apache-bsf.jar;C:\Program Files\JetBrains\IntelliJ IDEA Community Edition 2020.3.2\lib\ant\lib\ant-apache-log4j.jar;C:\Program Files\JetBrains\IntelliJ IDEA Community Edition 2020.3.2\lib\ant\lib\ant-apache-oro.jar;C:\Program Files\JetBrains\IntelliJ IDEA Community Edition 2020.3.2\lib\ant\lib\ant-apache-regexp.jar;C:\Program Files\JetBrains\IntelliJ IDEA Community Edition 2020.3.2\lib\ant\lib\ant-apache-resolver.jar;C:\Program Files\JetBrains\IntelliJ IDEA Community Edition 2020.3.2\lib\ant\lib\ant-apache-xalan2.jar;C:\Program Files\JetBrains\IntelliJ IDEA Community Edition 2020.3.2\lib\ant\lib\ant-commons-logging.jar;C:\Program Files\JetBrains\IntelliJ IDEA Community Edition 2020.3.2\lib\ant\lib\ant-commons-net.jar;C:\Program Files\JetBrains\IntelliJ IDEA Community Edition 2020.3.2\lib\ant\lib\ant-jai.jar;C:\Program Files\JetBrains\IntelliJ IDEA Community Edition 2020.3.2\lib\ant\lib\ant-javamail.jar;C:\Program Files\JetBrains\IntelliJ IDEA Community Edition 2020.3.2\lib\ant\lib\ant-jdepend.jar;C:\Program Files\JetBrains\IntelliJ IDEA Community Edition 2020.3.2\lib\ant\lib\ant-jmf.jar;C:\Program Files\JetBrains\IntelliJ IDEA Community Edition 2020.3.2\lib\ant\lib\ant-jsch.jar;C:\Program Files\JetBrains\IntelliJ IDEA Community Edition 2020.3.2\lib\ant\lib\ant-junit.jar;C:\Program Files\JetBrains\IntelliJ IDEA Community Edition 2020.3.2\lib\ant\lib\ant-junit4.jar;C:\Program Files\JetBrains\IntelliJ IDEA Community Edition 2020.3.2\lib\ant\lib\ant-junitlauncher.jar;C:\Program Files\JetBrains\IntelliJ IDEA Community Edition 2020.3.2\lib\ant\lib\ant-launcher.jar;C:\Program Files\JetBrains\IntelliJ IDEA Community Edition 2020.3.2\lib\ant\lib\ant-netrexx.jar;C:\Program Files\JetBrains\IntelliJ IDEA Community Edition 2020.3.2\lib\ant\lib\ant-swing.jar;C:\Program Files\JetBrains\IntelliJ IDEA Community Edition 2020.3.2\lib\ant\lib\ant-testutil.jar;C:\Program Files\JetBrains\IntelliJ IDEA Community Edition 2020.3.2\lib\ant\lib\ant-xz.jar;C:\Program Files\JetBrains\IntelliJ IDEA Community Edition 2020.3.2\lib\ant\lib\ant.jar;C:\Program Files\JetBrains\IntelliJ IDEA Community Edition 2020.3.2\lib\idea_rt.jar"></property><property name="java.vm.vendor" value="Amazon.com Inc."></property><property name="sun.arch.data.model" value="64"></property><property name="user.variant" value=""></property><property name="java.vendor.url" value="https://aws.amazon.com/corretto/"></property><property name="os.name" value="Windows 10"></property><property name="java.vm.specification.version" value="15"></property><property name="javadocDir" value="build/doc"></property><property name="testBase" value="build/testClasses"></property><property name="user.country" value="AU"></property><property name="sun.java.launcher" value="SUN_STANDARD"></property><property name="sun.boot.library.path" value="C:\Program Files\Amazon Corretto\jdk15.0.2_7\bin"></property><property name="sun.java.command" value="com.intellij.rt.ant.execution.AntMain2 -logger com.intellij.rt.ant.execution.IdeaAntLogger2 -inputhandler com.intellij.rt.ant.execution.IdeaInputHandler -buildfile C:\Users\trema\Dropbox\ADMIN DOCS\Uni\2021\Semester 1\CAB302\Assessment\Major Project\Development\build.xml test"></property><property name="jdk.debug" value="release"></property><property name="sun.cpu.endian" value="little"></property><property name="user.home" value="C:\Users\trema"></property><property name="user.language" value="en"></property><property name="java.specification.vendor" value="Oracle Corporation"></property><property name="java.version.date" value="2021-01-19"></property><property name="java.home" value="C:\Program Files\Amazon Corretto\jdk15.0.2_7"></property><property name="file.separator" value="\"></property><property name="basedir" value="C:\Users\trema\Dropbox\ADMIN DOCS\Uni\2021\Semester 1\CAB302\Assessment\Major Project\Development"></property><property name="java.vm.compressedOopsMode" value="32-bit"></property><property name="line.separator" value="
"></property><property name="ant.java.version" value="15"></property><property name="java.specification.name" value="Java Platform API Specification"></property><property name="java.vm.specification.vendor" value="Oracle Corporation"></property><property name="ant.file.type.AssetTradingPlatform" value="file"></property><property name="sourceZip" value="build/assetTradingPlatformSrc.zip"></property><property name="user.script" value=""></property><property name="outputServer" value="build/AssetTradingPlatformServer.jar"></property><property name="sun.management.compiler" value="HotSpot 64-Bit Tiered Compilers"></property><property name="java.runtime.version" value="15.0.2+7"></property><property name="user.name" value="trema"></property><property name="ant.file" value="C:\Users\trema\Dropbox\ADMIN DOCS\Uni\2021\Semester 1\CAB302\Assessment\Major Project\Development\build.xml"></property><property name="path.separator" value=";"></property><property name="os.version" value="10.0"></property><property name="java.runtime.name" value="OpenJDK Runtime Environment"></property><property name="ant.file.AssetTradingPlatform" value="C:\Users\trema\Dropbox\ADMIN DOCS\Uni\2021\Semester 1\CAB302\Assessment\Major Project\Development\build.xml"></property><property name="file.encoding" value="UTF-8"></property><property name="outputClient" value="build/AssetTradingPlatformClient.jar"></property><property name="ant.project.invoked-targets" value="test"></property><property name="java.vm.name" value="OpenJDK 64-Bit Server VM"></property><property name="java.vendor.version" value="Corretto-15.0.2.7.1"></property><property name="ant.core.lib" value="C:\Program Files\JetBrains\IntelliJ IDEA Community Edition 2020.3.2\lib\ant\lib\ant.jar"></property><property name="java.vendor.url.bug" value="https://github.com/corretto/corretto-jdk/issues/"></property><property name="java.io.tmpdir" value="C:\Users\trema\AppData\Local\Temp\"></property><property name="java.version" value="15.0.2"></property><property name="user.dir" value="C:\Users\trema\Dropbox\ADMIN DOCS\Uni\2021\Semester 1\CAB302\Assessment\Major Project\Development"></property><property name="os.arch" value="amd64"></property><property name="java.vm.specification.name" value="Java Virtual Machine Specification"></property><property name="ant.home" value="C:\Program Files\JetBrains\IntelliJ IDEA Community Edition 2020.3.2\lib\ant"></property><property name="sun.os.patch.level" value=""></property><property name="ant.version" value="Apache Ant(TM) version 1.10.5 compiled on July 10 2018"></property><property name="java.library.path" value="C:\Program Files\Amazon Corretto\jdk15.0.2_7\bin;C:\Windows\Sun\Java\bin;C:\Windows\system32;C:\Windows;C:\Program Files\Amazon Corretto\jdk15.0.2_7\bin;C:\Python39\Scripts\;C:\Python39\;C:\Program Files (x86)\Common Files\Intel\Shared Libraries\redist\intel64\compiler;C:\Python38\Scripts\;C:\Python38\;C:\Program Files (x86)\Common Files\Oracle\Java\javapath;C:\Windows\system32;C:\Windows;C:\Windows\System32\Wbem;C:\Windows\System32\WindowsPowerShell\v1.0\;C:\Windows\System32\OpenSSH\;C:\Program Files\NVIDIA Corporation\NVIDIA NvDLISR;C:\Program Files (x86)\NVIDIA Corporation\PhysX\Common;C:\Program Files\Git\cmd;C:\Users\trema\Downloads\ffmpeg-20200615-9d80f3e-win64-static\ffmpeg-20200615-9d80f3e-win64-static\bin;C:\ProgramData\chocolatey\bin;C:\Program Files\dotnet\;C:\Program Files (x86)\FileBot\;C:\Program Files\nodejs\;C:\Program Files\Redis\;C:\Program Files\Calibre2\;C:\Strawberry\c\bin;C:\Strawberry\perl\site\bin;C:\Strawberry\perl\bin;C:\Program Files\MySQL\MySQL Shell 8.0\bin\;C:\Users\trema\.windows-build-tools\python27\;C:\Users\trema\AppData\Local\Programs\Python\Python38-32\Scripts\;C:\Users\trema\AppData\Local\Programs\Python\Python38-32\;C:\Users\trema\AppData\Local\Microsoft\WindowsApps;C:\Program Files\MySQL\MySQL Server 8.0\bin;C:\Users\trema\Downloads\ffmpeg-20200615-9d80f3e-win64-static\ffmpeg-20200615-9d80f3e-win64-static\bin\ffmpeg.exe;C:\Windows\Microsoft.NET\Framework\v4.0.30319;C:\Users\trema\Documents\MY_STUFF;C:\Users\trema\.dotnet\tools;C:\Users\trema\AppData\Local\Programs\Microsoft VS Code\bin;C:\Users\trema\AppData\Roaming\npm;C:\Program Files\JetBrains\IntelliJ IDEA Community Edition 2020.3.2\bin;;C:\Users\trema\AppData\Local\Programs\MiKTeX\miktex\bin\x64\;C:\Strawberry\perl\bin;C:\Python39\Lib\site-packages;;."></property><property name="java.vendor" value="Amazon.com Inc."></property><property name="java.vm.info" value="mixed mode, sharing"></property><property name="java.vm.version" value="15.0.2+7"></property><property name="sun.io.unicode.encoding" value="UnicodeLittle"></property><property name="java.class.version" value="59.0"></property><property name="base" value="build/artifacts"></property><property name="ant.project.default-target" value="jar"></property></properties><testcase classname="Client.TradesTest" name="setQuantityNegativeCheck()" time="0.0"></testcase><testcase classname="Client.TradesTest" name="getAssetIdCheck()" time="0.0"></testcase><testcase classname="Client.TradesTest" name="getQuantityCheck()" time="0.001"></testcase><testcase classname="Client.TradesTest" name="getTypeCheck()" time="0.001"></testcase><testcase classname="Client.TradesTest" name="getUserNameCheck()" time="0.0"></testcase><testcase classname="Client.TradesTest" name="getIdCheck()" time="0.0"></testcase><testcase classname="Client.TradesTest" name="setUpTrade()" time="0.0"></testcase><testcase classname="Client.TradesTest" name="setTypeCheck()" time="0.0"></testcase><testcase classname="Client.TradesTest" name="setAssetIdCheck()" time="0.0"></testcase><testcase classname="Client.TradesTest" name="getPriceCheck()" time="0.0"></testcase><testcase classname="Client.TradesTest" name="setPriceCheck()" time="0.0"></testcase><testcase classname="Client.TradesTest" name="setQuantityCheck()" time="0.0"></testcase><testcase classname="Client.TradesTest" name="setIdCheck()" time="0.0"></testcase><testcase classname="Client.TradesTest" name="setIdNegativeCheck()" time="0.0"></testcase><testcase classname="Client.TradesTest" name="setPriceNegativeCheck()" time="0.0"></testcase><testcase classname="Client.TradesTest" name="getDateCheck()" time="0.001"></testcase><testcase classname="Client.TradesTest" name="setUserNameCheck()" time="0.0"></testcase><testcase classname="Client.TradesTest" name="setDateCheck()" time="0.0"></testcase><testcase classname="Client.TradesTest" name="setAssetIdNegativeCheck()" time="0.001"></testcase></testsuite>